build/app/intermediates/manifest_merge_blame_file/debug/manifest-merger-blame-debug-report.txt
1<?xml version="1.0" encoding="utf-8"?>
2<manifest xmlns:android="http://schemas.android.com/apk/res/android"
3    package="com.example.watertracker"
4    android:versionCode="1"
5    android:versionName="1.0.0" >
6
7    <uses-sdk
8        android:minSdkVersion="21"
9        android:targetSdkVersion="33" />
10    <!--
11         Flutter needs it to communicate with the running application
12         to allow setting breakpoints, to provide hot reload, etc.
13    -->
14    <uses-permission android:name="android.permission.INTERNET" />
14-->src\debug\AndroidManifest.xml:6:5-66
14-->src\debug\AndroidManifest.xml:6:22-64
15    <uses-permission android:name="android.permission.POST_NOTIFICATIONS" />
15-->src\main\AndroidManifest.xml:4:5-76
15-->src\main\AndroidManifest.xml:4:22-74
16    <uses-permission android:name="android.permission.RECEIVE_BOOT_COMPLETED" />
16-->[:flutter_local_notifications] AndroidManifest.xml:9:5-81
16-->[:flutter_local_notifications] AndroidManifest.xml:9:22-78
17    <uses-permission android:name="android.permission.VIBRATE" />
17-->[:flutter_local_notifications] AndroidManifest.xml:10:5-66
17-->[:flutter_local_notifications] AndroidManifest.xml:10:22-63
18    <uses-permission android:name="android.permission.USE_FULL_SCREEN_INTENT" />
18-->[:flutter_local_notifications] AndroidManifest.xml:11:5-81
18-->[:flutter_local_notifications] AndroidManifest.xml:11:22-78
19    <uses-permission android:name="android.permission.SCHEDULE_EXACT_ALARM" />
19-->[:flutter_local_notifications] AndroidManifest.xml:12:5-79
19-->[:flutter_local_notifications] AndroidManifest.xml:12:22-76
20    <uses-permission android:name="android.permission.ACCESS_NETWORK_STATE" />
20-->[com.google.android.gms:play-services-ads-lite:22.0.0] AndroidManifest.xml:25:5-79
20-->[com.google.android.gms:play-services-ads-lite:22.0.0] AndroidManifest.xml:25:22-76
21    <uses-permission android:name="com.google.android.gms.permission.AD_ID" /> <!-- Android package visibility setting -->
21-->[com.google.android.gms:play-services-ads-lite:22.0.0] AndroidManifest.xml:26:5-79
21-->[com.google.android.gms:play-services-ads-lite:22.0.0] AndroidManifest.xml:26:22-76
22    <queries>
22-->[com.google.android.gms:play-services-ads-lite:22.0.0] AndroidManifest.xml:32:5-48:15
23
24        <!-- For browser content -->
25        <intent>
25-->[com.google.android.gms:play-services-ads-lite:22.0.0] AndroidManifest.xml:35:9-41:18
26            <action android:name="android.intent.action.VIEW" />
26-->[com.google.android.gms:play-services-ads-lite:22.0.0] AndroidManifest.xml:36:13-65
26-->[com.google.android.gms:play-services-ads-lite:22.0.0] AndroidManifest.xml:36:21-62
27
28            <category android:name="android.intent.category.BROWSABLE" />
28-->[com.google.android.gms:play-services-ads-lite:22.0.0] AndroidManifest.xml:38:13-74
28-->[com.google.android.gms:play-services-ads-lite:22.0.0] AndroidManifest.xml:38:23-71
29
30            <data android:scheme="https" />
30-->[com.google.android.gms:play-services-ads-lite:22.0.0] AndroidManifest.xml:40:13-44
30-->[com.google.android.gms:play-services-ads-lite:22.0.0] AndroidManifest.xml:40:19-41
31        </intent>
32        <!-- End of browser content -->
33        <!-- For CustomTabsService -->
34        <intent>
34-->[com.google.android.gms:play-services-ads-lite:22.0.0] AndroidManifest.xml:44:9-46:18
35            <action android:name="android.support.customtabs.action.CustomTabsService" />
35-->[com.google.android.gms:play-services-ads-lite:22.0.0] AndroidManifest.xml:45:13-90
35-->[com.google.android.gms:play-services-ads-lite:22.0.0] AndroidManifest.xml:45:21-87
36        </intent>
37        <!-- End of CustomTabsService -->
38    </queries>
39
40    <uses-permission android:name="android.permission.WAKE_LOCK" />
40-->[com.google.android.gms:play-services-measurement-sdk-api:20.1.2] AndroidManifest.xml:25:5-68
40-->[com.google.android.gms:play-services-measurement-sdk-api:20.1.2] AndroidManifest.xml:25:22-65
41    <uses-permission android:name="android.permission.FOREGROUND_SERVICE" />
41-->[androidx.work:work-runtime:2.7.0] AndroidManifest.xml:28:5-77
41-->[androidx.work:work-runtime:2.7.0] AndroidManifest.xml:28:22-74
42
43    <application
43-->src\main\AndroidManifest.xml:6:5-52:19
44        android:appComponentFactory="androidx.core.app.CoreComponentFactory"
44-->[androidx.core:core:1.6.0] AndroidManifest.xml:24:18-86
45        android:debuggable="true"
46        android:icon="@mipmap/ic_launcher_round"
46-->src\main\AndroidManifest.xml:8:9-49
47        android:label="Water Tracker"
47-->src\main\AndroidManifest.xml:7:9-38
48        android:requestLegacyExternalStorage="true"
48-->src\main\AndroidManifest.xml:9:9-52
49        android:screenOrientation="portrait"
49-->src\main\AndroidManifest.xml:10:9-45
50        android:usesCleartextTraffic="true" >
50-->src\main\AndroidManifest.xml:11:9-44
51        <meta-data
51-->src\main\AndroidManifest.xml:13:9-15:69
52            android:name="com.google.android.gms.ads.APPLICATION_ID"
52-->src\main\AndroidManifest.xml:14:13-69
53            android:value="ca-app-pub-3940256099942544~3347511713" />
53-->src\main\AndroidManifest.xml:15:13-67
54
55        <activity
55-->src\main\AndroidManifest.xml:17:9-46:20
56            android:name="com.waterreminder.watertracker.water_tracker.MainActivity"
56-->src\main\AndroidManifest.xml:18:13-41
57            android:configChanges="orientation|keyboardHidden|keyboard|screenSize|smallestScreenSize|locale|layoutDirection|fontScale|screenLayout|density|uiMode"
57-->src\main\AndroidManifest.xml:21:13-163
58            android:exported="true"
58-->src\main\AndroidManifest.xml:24:13-36
59            android:hardwareAccelerated="true"
59-->src\main\AndroidManifest.xml:22:13-47
60            android:launchMode="singleTop"
60-->src\main\AndroidManifest.xml:19:13-43
61            android:theme="@style/LaunchTheme"
61-->src\main\AndroidManifest.xml:20:13-47
62            android:windowSoftInputMode="adjustResize" >
62-->src\main\AndroidManifest.xml:23:13-55
63
64            <!--
65                 Specifies an Android theme to apply to this Activity as soon as
66                 the Android process has started. This theme is visible to the user
67                 while the Flutter UI initializes. After that, this theme continues
68                 to determine the Window background behind the Flutter UI.
69            -->
70            <meta-data
70-->src\main\AndroidManifest.xml:29:13-32:17
71                android:name="io.flutter.embedding.android.NormalTheme"
71-->src\main\AndroidManifest.xml:30:15-70
72                android:resource="@style/NormalTheme" />
72-->src\main\AndroidManifest.xml:31:15-52
73            <!--
74                 Displays an Android View that continues showing the launch screen
75                 Drawable until Flutter paints its first frame, then this splash
76                 screen fades out. A splash screen is useful to avoid any visual
77                 gap between the end of Android's launch screen and the painting of
78                 Flutter's first frame.
79            -->
80            <meta-data
80-->src\main\AndroidManifest.xml:38:13-41:17
81                android:name="io.flutter.embedding.android.SplashScreenDrawable"
81-->src\main\AndroidManifest.xml:39:15-79
82                android:resource="@drawable/launch_background" />
82-->src\main\AndroidManifest.xml:40:15-61
83
84            <intent-filter>
84-->src\main\AndroidManifest.xml:42:13-45:29
85                <action android:name="android.intent.action.MAIN" />
85-->src\main\AndroidManifest.xml:43:17-68
85-->src\main\AndroidManifest.xml:43:25-66
86
87                <category android:name="android.intent.category.LAUNCHER" />
87-->src\main\AndroidManifest.xml:44:17-76
87-->src\main\AndroidManifest.xml:44:27-74
88            </intent-filter>
89        </activity>
90        <!--
91             Don't delete the meta-data below.
92             This is used by the Flutter tool to generate GeneratedPluginRegistrant.java
93        -->
94        <meta-data
94-->src\main\AndroidManifest.xml:49:9-51:33
95            android:name="flutterEmbedding"
95-->src\main\AndroidManifest.xml:50:13-44
96            android:value="2" />
96-->src\main\AndroidManifest.xml:51:13-30
97        <meta-data
97-->[:google_mobile_ads] AndroidManifest.xml:12:9-14:36
98            android:name="io.flutter.embedded_views_preview"
98-->[:google_mobile_ads] AndroidManifest.xml:13:13-61
99            android:value="true" />
99-->[:google_mobile_ads] AndroidManifest.xml:14:13-33
100
101        <receiver
101-->[:flutter_local_notifications] AndroidManifest.xml:16:9-18:40
102            android:name="com.dexterous.flutterlocalnotifications.ActionBroadcastReceiver"
102-->[:flutter_local_notifications] AndroidManifest.xml:17:13-91
103            android:exported="false" />
103-->[:flutter_local_notifications] AndroidManifest.xml:18:13-37
104        <receiver
104-->[:flutter_local_notifications] AndroidManifest.xml:19:9-21:40
105            android:name="com.dexterous.flutterlocalnotifications.ScheduledNotificationReceiver"
105-->[:flutter_local_notifications] AndroidManifest.xml:20:13-97
106            android:exported="false" />
106-->[:flutter_local_notifications] AndroidManifest.xml:21:13-37
107        <receiver
107-->[:flutter_local_notifications] AndroidManifest.xml:22:9-31:20
108            android:name="com.dexterous.flutterlocalnotifications.ScheduledNotificationBootReceiver"
108-->[:flutter_local_notifications] AndroidManifest.xml:23:13-101
109            android:exported="false" >
109-->[:flutter_local_notifications] AndroidManifest.xml:24:13-37
110            <intent-filter>
110-->[:flutter_local_notifications] AndroidManifest.xml:25:13-30:29
111                <action android:name="android.intent.action.BOOT_COMPLETED" />
111-->[:flutter_local_notifications] AndroidManifest.xml:26:17-79
111-->[:flutter_local_notifications] AndroidManifest.xml:26:25-76
112                <action android:name="android.intent.action.MY_PACKAGE_REPLACED" />
112-->[:flutter_local_notifications] AndroidManifest.xml:27:17-84
112-->[:flutter_local_notifications] AndroidManifest.xml:27:25-81
113                <action android:name="android.intent.action.QUICKBOOT_POWERON" />
113-->[:flutter_local_notifications] AndroidManifest.xml:28:17-82
113-->[:flutter_local_notifications] AndroidManifest.xml:28:25-79
114                <action android:name="com.htc.intent.action.QUICKBOOT_POWERON" />
114-->[:flutter_local_notifications] AndroidManifest.xml:29:17-82
114-->[:flutter_local_notifications] AndroidManifest.xml:29:25-79
115            </intent-filter>
116        </receiver>
117
118        <activity
118-->[:url_launcher_android] AndroidManifest.xml:10:9-13:74
119            android:name="io.flutter.plugins.urllauncher.WebViewActivity"
119-->[:url_launcher_android] AndroidManifest.xml:11:13-74
120            android:exported="false"
120-->[:url_launcher_android] AndroidManifest.xml:12:13-37
121            android:theme="@android:style/Theme.NoTitleBar.Fullscreen" />
121-->[:url_launcher_android] AndroidManifest.xml:13:13-71
122
123        <uses-library
123-->[androidx.window:window:1.0.0-beta04] AndroidManifest.xml:25:9-27:40
124            android:name="androidx.window.extensions"
124-->[androidx.window:window:1.0.0-beta04] AndroidManifest.xml:26:13-54
125            android:required="false" />
125-->[androidx.window:window:1.0.0-beta04] AndroidManifest.xml:27:13-37
126        <uses-library
126-->[androidx.window:window:1.0.0-beta04] AndroidManifest.xml:28:9-30:40
127            android:name="androidx.window.sidecar"
127-->[androidx.window:window:1.0.0-beta04] AndroidManifest.xml:29:13-51
128            android:required="false" />
128-->[androidx.window:window:1.0.0-beta04] AndroidManifest.xml:30:13-37
129
130        <provider
130-->[androidx.lifecycle:lifecycle-process:2.2.0] AndroidManifest.xml:25:9-29:43
131            android:name="androidx.lifecycle.ProcessLifecycleOwnerInitializer"
131-->[androidx.lifecycle:lifecycle-process:2.2.0] AndroidManifest.xml:26:13-79
132            android:authorities="com.example.watertracker.lifecycle-process"
132-->[androidx.lifecycle:lifecycle-process:2.2.0] AndroidManifest.xml:27:13-69
133            android:exported="false"
133-->[androidx.lifecycle:lifecycle-process:2.2.0] AndroidManifest.xml:28:13-37
134            android:multiprocess="true" /> <!-- Include the AdActivity and InAppPurchaseActivity configChanges and themes. -->
134-->[androidx.lifecycle:lifecycle-process:2.2.0] AndroidManifest.xml:29:13-40
135        <activity
135-->[com.google.android.gms:play-services-ads-lite:22.0.0] AndroidManifest.xml:53:9-58:43
136            android:name="com.google.android.gms.ads.AdActivity"
136-->[com.google.android.gms:play-services-ads-lite:22.0.0] AndroidManifest.xml:54:13-65
137            android:configChanges="keyboard|keyboardHidden|orientation|screenLayout|uiMode|screenSize|smallestScreenSize"
137-->[com.google.android.gms:play-services-ads-lite:22.0.0] AndroidManifest.xml:55:13-122
138            android:exported="false"
138-->[com.google.android.gms:play-services-ads-lite:22.0.0] AndroidManifest.xml:56:13-37
139            android:theme="@android:style/Theme.Translucent" />
139-->[com.google.android.gms:play-services-ads-lite:22.0.0] AndroidManifest.xml:57:13-61
140
141        <provider
141-->[com.google.android.gms:play-services-ads-lite:22.0.0] AndroidManifest.xml:60:9-65:43
142            android:name="com.google.android.gms.ads.MobileAdsInitProvider"
142-->[com.google.android.gms:play-services-ads-lite:22.0.0] AndroidManifest.xml:61:13-76
143            android:authorities="com.example.watertracker.mobileadsinitprovider"
143-->[com.google.android.gms:play-services-ads-lite:22.0.0] AndroidManifest.xml:62:13-73
144            android:exported="false"
144-->[com.google.android.gms:play-services-ads-lite:22.0.0] AndroidManifest.xml:63:13-37
145            android:initOrder="100" />
145-->[com.google.android.gms:play-services-ads-lite:22.0.0] AndroidManifest.xml:64:13-36
146
147        <service
147-->[com.google.android.gms:play-services-ads-lite:22.0.0] AndroidManifest.xml:67:9-71:43
148            android:name="com.google.android.gms.ads.AdService"
148-->[com.google.android.gms:play-services-ads-lite:22.0.0] AndroidManifest.xml:68:13-64
149            android:enabled="true"
149-->[com.google.android.gms:play-services-ads-lite:22.0.0] AndroidManifest.xml:69:13-35
150            android:exported="false" />
150-->[com.google.android.gms:play-services-ads-lite:22.0.0] AndroidManifest.xml:70:13-37
151
152        <activity
152-->[com.google.android.gms:play-services-ads-lite:22.0.0] AndroidManifest.xml:73:9-77:43
153            android:name="com.google.android.gms.ads.OutOfContextTestingActivity"
153-->[com.google.android.gms:play-services-ads-lite:22.0.0] AndroidManifest.xml:74:13-82
154            android:configChanges="keyboard|keyboardHidden|orientation|screenLayout|uiMode|screenSize|smallestScreenSize"
154-->[com.google.android.gms:play-services-ads-lite:22.0.0] AndroidManifest.xml:75:13-122
155            android:exported="false" />
155-->[com.google.android.gms:play-services-ads-lite:22.0.0] AndroidManifest.xml:76:13-37
156        <activity
156-->[com.google.android.gms:play-services-base:18.0.0] AndroidManifest.xml:20:9-22:45
157            android:name="com.google.android.gms.common.api.GoogleApiActivity"
157-->[com.google.android.gms:play-services-base:18.0.0] AndroidManifest.xml:20:19-85
158            android:exported="false"
158-->[com.google.android.gms:play-services-base:18.0.0] AndroidManifest.xml:22:19-43
159            android:theme="@android:style/Theme.Translucent.NoTitleBar" />
159-->[com.google.android.gms:play-services-base:18.0.0] AndroidManifest.xml:21:19-78
160
161        <meta-data
161-->[com.google.android.gms:play-services-basement:18.1.0] AndroidManifest.xml:21:9-23:69
162            android:name="com.google.android.gms.version"
162-->[com.google.android.gms:play-services-basement:18.1.0] AndroidManifest.xml:22:13-58
163            android:value="@integer/google_play_services_version" />
163-->[com.google.android.gms:play-services-basement:18.1.0] AndroidManifest.xml:23:13-66
164
165        <provider
165-->[androidx.work:work-runtime:2.7.0] AndroidManifest.xml:31:9-39:20
166            android:name="androidx.startup.InitializationProvider"
166-->[androidx.work:work-runtime:2.7.0] AndroidManifest.xml:32:13-67
167            android:authorities="com.example.watertracker.androidx-startup"
167-->[androidx.work:work-runtime:2.7.0] AndroidManifest.xml:33:13-68
168            android:exported="false" >
168-->[androidx.work:work-runtime:2.7.0] AndroidManifest.xml:34:13-37
169            <meta-data
169-->[androidx.work:work-runtime:2.7.0] AndroidManifest.xml:36:13-38:52
170                android:name="androidx.work.WorkManagerInitializer"
170-->[androidx.work:work-runtime:2.7.0] AndroidManifest.xml:37:17-68
171                android:value="androidx.startup" />
171-->[androidx.work:work-runtime:2.7.0] AndroidManifest.xml:38:17-49
172        </provider>
173
174        <service
174-->[androidx.work:work-runtime:2.7.0] AndroidManifest.xml:41:9-46:35
175            android:name="androidx.work.impl.background.systemalarm.SystemAlarmService"
175-->[androidx.work:work-runtime:2.7.0] AndroidManifest.xml:42:13-88
176            android:directBootAware="false"
176-->[androidx.work:work-runtime:2.7.0] AndroidManifest.xml:43:13-44
177            android:enabled="@bool/enable_system_alarm_service_default"
177-->[androidx.work:work-runtime:2.7.0] AndroidManifest.xml:44:13-72
178            android:exported="false" />
178-->[androidx.work:work-runtime:2.7.0] AndroidManifest.xml:45:13-37
179        <service
179-->[androidx.work:work-runtime:2.7.0] AndroidManifest.xml:47:9-53:35
180            android:name="androidx.work.impl.background.systemjob.SystemJobService"
180-->[androidx.work:work-runtime:2.7.0] AndroidManifest.xml:48:13-84
181            android:directBootAware="false"
181-->[androidx.work:work-runtime:2.7.0] AndroidManifest.xml:49:13-44
182            android:enabled="@bool/enable_system_job_service_default"
182-->[androidx.work:work-runtime:2.7.0] AndroidManifest.xml:50:13-70
183            android:exported="true"
183-->[androidx.work:work-runtime:2.7.0] AndroidManifest.xml:51:13-36
184            android:permission="android.permission.BIND_JOB_SERVICE" />
184-->[androidx.work:work-runtime:2.7.0] AndroidManifest.xml:52:13-69
185        <service
185-->[androidx.work:work-runtime:2.7.0] AndroidManifest.xml:54:9-59:35
186            android:name="androidx.work.impl.foreground.SystemForegroundService"
186-->[androidx.work:work-runtime:2.7.0] AndroidManifest.xml:55:13-81
187            android:directBootAware="false"
187-->[androidx.work:work-runtime:2.7.0] AndroidManifest.xml:56:13-44
188            android:enabled="@bool/enable_system_foreground_service_default"
188-->[androidx.work:work-runtime:2.7.0] AndroidManifest.xml:57:13-77
189            android:exported="false" />
189-->[androidx.work:work-runtime:2.7.0] AndroidManifest.xml:58:13-37
190
191        <receiver
191-->[androidx.work:work-runtime:2.7.0] AndroidManifest.xml:61:9-66:35
192            android:name="androidx.work.impl.utils.ForceStopRunnable$BroadcastReceiver"
192-->[androidx.work:work-runtime:2.7.0] AndroidManifest.xml:62:13-88
193            android:directBootAware="false"
193-->[androidx.work:work-runtime:2.7.0] AndroidManifest.xml:63:13-44
194            android:enabled="true"
194-->[androidx.work:work-runtime:2.7.0] AndroidManifest.xml:64:13-35
195            android:exported="false" />
195-->[androidx.work:work-runtime:2.7.0] AndroidManifest.xml:65:13-37
196        <receiver
196-->[androidx.work:work-runtime:2.7.0] AndroidManifest.xml:67:9-77:20
197            android:name="androidx.work.impl.background.systemalarm.ConstraintProxy$BatteryChargingProxy"
197-->[androidx.work:work-runtime:2.7.0] AndroidManifest.xml:68:13-106
198            android:directBootAware="false"
198-->[androidx.work:work-runtime:2.7.0] AndroidManifest.xml:69:13-44
199            android:enabled="false"
199-->[androidx.work:work-runtime:2.7.0] AndroidManifest.xml:70:13-36
200            android:exported="false" >
200-->[androidx.work:work-runtime:2.7.0] AndroidManifest.xml:71:13-37
201            <intent-filter>
201-->[androidx.work:work-runtime:2.7.0] AndroidManifest.xml:73:13-76:29
202                <action android:name="android.intent.action.ACTION_POWER_CONNECTED" />
202-->[androidx.work:work-runtime:2.7.0] AndroidManifest.xml:74:17-87
202-->[androidx.work:work-runtime:2.7.0] AndroidManifest.xml:74:25-84
203                <action android:name="android.intent.action.ACTION_POWER_DISCONNECTED" />
203-->[androidx.work:work-runtime:2.7.0] AndroidManifest.xml:75:17-90
203-->[androidx.work:work-runtime:2.7.0] AndroidManifest.xml:75:25-87
204            </intent-filter>
205        </receiver>
206        <receiver
206-->[androidx.work:work-runtime:2.7.0] AndroidManifest.xml:78:9-88:20
207            android:name="androidx.work.impl.background.systemalarm.ConstraintProxy$BatteryNotLowProxy"
207-->[androidx.work:work-runtime:2.7.0] AndroidManifest.xml:79:13-104
208            android:directBootAware="false"
208-->[androidx.work:work-runtime:2.7.0] AndroidManifest.xml:80:13-44
209            android:enabled="false"
209-->[androidx.work:work-runtime:2.7.0] AndroidManifest.xml:81:13-36
210            android:exported="false" >
210-->[androidx.work:work-runtime:2.7.0] AndroidManifest.xml:82:13-37
211            <intent-filter>
211-->[androidx.work:work-runtime:2.7.0] AndroidManifest.xml:84:13-87:29
212                <action android:name="android.intent.action.BATTERY_OKAY" />
212-->[androidx.work:work-runtime:2.7.0] AndroidManifest.xml:85:17-77
212-->[androidx.work:work-runtime:2.7.0] AndroidManifest.xml:85:25-74
213                <action android:name="android.intent.action.BATTERY_LOW" />
213-->[androidx.work:work-runtime:2.7.0] AndroidManifest.xml:86:17-76
213-->[androidx.work:work-runtime:2.7.0] AndroidManifest.xml:86:25-73
214            </intent-filter>
215        </receiver>
216        <receiver
216-->[androidx.work:work-runtime:2.7.0] AndroidManifest.xml:89:9-99:20
217            android:name="androidx.work.impl.background.systemalarm.ConstraintProxy$StorageNotLowProxy"
217-->[androidx.work:work-runtime:2.7.0] AndroidManifest.xml:90:13-104
218            android:directBootAware="false"
218-->[androidx.work:work-runtime:2.7.0] AndroidManifest.xml:91:13-44
219            android:enabled="false"
219-->[androidx.work:work-runtime:2.7.0] AndroidManifest.xml:92:13-36
220            android:exported="false" >
220-->[androidx.work:work-runtime:2.7.0] AndroidManifest.xml:93:13-37
221            <intent-filter>
221-->[androidx.work:work-runtime:2.7.0] AndroidManifest.xml:95:13-98:29
222                <action android:name="android.intent.action.DEVICE_STORAGE_LOW" />
222-->[androidx.work:work-runtime:2.7.0] AndroidManifest.xml:96:17-83
222-->[androidx.work:work-runtime:2.7.0] AndroidManifest.xml:96:25-80
223                <action android:name="android.intent.action.DEVICE_STORAGE_OK" />
223-->[androidx.work:work-runtime:2.7.0] AndroidManifest.xml:97:17-82
223-->[androidx.work:work-runtime:2.7.0] AndroidManifest.xml:97:25-79
224            </intent-filter>
225        </receiver>
226        <receiver
226-->[androidx.work:work-runtime:2.7.0] AndroidManifest.xml:100:9-109:20
227            android:name="androidx.work.impl.background.systemalarm.ConstraintProxy$NetworkStateProxy"
227-->[androidx.work:work-runtime:2.7.0] AndroidManifest.xml:101:13-103
228            android:directBootAware="false"
228-->[androidx.work:work-runtime:2.7.0] AndroidManifest.xml:102:13-44
229            android:enabled="false"
229-->[androidx.work:work-runtime:2.7.0] AndroidManifest.xml:103:13-36
230            android:exported="false" >
230-->[androidx.work:work-runtime:2.7.0] AndroidManifest.xml:104:13-37
231            <intent-filter>
231-->[androidx.work:work-runtime:2.7.0] AndroidManifest.xml:106:13-108:29
232                <action android:name="android.net.conn.CONNECTIVITY_CHANGE" />
232-->[androidx.work:work-runtime:2.7.0] AndroidManifest.xml:107:17-79
232-->[androidx.work:work-runtime:2.7.0] AndroidManifest.xml:107:25-76
233            </intent-filter>
234        </receiver>
235        <receiver
235-->[androidx.work:work-runtime:2.7.0] AndroidManifest.xml:110:9-121:20
236            android:name="androidx.work.impl.background.systemalarm.RescheduleReceiver"
236-->[androidx.work:work-runtime:2.7.0] AndroidManifest.xml:111:13-88
237            android:directBootAware="false"
237-->[androidx.work:work-runtime:2.7.0] AndroidManifest.xml:112:13-44
238            android:enabled="false"
238-->[androidx.work:work-runtime:2.7.0] AndroidManifest.xml:113:13-36
239            android:exported="false" >
239-->[androidx.work:work-runtime:2.7.0] AndroidManifest.xml:114:13-37
240            <intent-filter>
240-->[androidx.work:work-runtime:2.7.0] AndroidManifest.xml:116:13-120:29
241                <action android:name="android.intent.action.BOOT_COMPLETED" />
241-->[:flutter_local_notifications] AndroidManifest.xml:26:17-79
241-->[:flutter_local_notifications] AndroidManifest.xml:26:25-76
242                <action android:name="android.intent.action.TIME_SET" />
242-->[androidx.work:work-runtime:2.7.0] AndroidManifest.xml:118:17-73
242-->[androidx.work:work-runtime:2.7.0] AndroidManifest.xml:118:25-70
243                <action android:name="android.intent.action.TIMEZONE_CHANGED" />
243-->[androidx.work:work-runtime:2.7.0] AndroidManifest.xml:119:17-81
243-->[androidx.work:work-runtime:2.7.0] AndroidManifest.xml:119:25-78
244            </intent-filter>
245        </receiver>
246        <receiver
246-->[androidx.work:work-runtime:2.7.0] AndroidManifest.xml:122:9-131:20
247            android:name="androidx.work.impl.background.systemalarm.ConstraintProxyUpdateReceiver"
247-->[androidx.work:work-runtime:2.7.0] AndroidManifest.xml:123:13-99
248            android:directBootAware="false"
248-->[androidx.work:work-runtime:2.7.0] AndroidManifest.xml:124:13-44
249            android:enabled="@bool/enable_system_alarm_service_default"
249-->[androidx.work:work-runtime:2.7.0] AndroidManifest.xml:125:13-72
250            android:exported="false" >
250-->[androidx.work:work-runtime:2.7.0] AndroidManifest.xml:126:13-37
251            <intent-filter>
251-->[androidx.work:work-runtime:2.7.0] AndroidManifest.xml:128:13-130:29
252                <action android:name="androidx.work.impl.background.systemalarm.UpdateProxies" />
252-->[androidx.work:work-runtime:2.7.0] AndroidManifest.xml:129:17-98
252-->[androidx.work:work-runtime:2.7.0] AndroidManifest.xml:129:25-95
253            </intent-filter>
254        </receiver>
255        <receiver
255-->[androidx.work:work-runtime:2.7.0] AndroidManifest.xml:132:9-142:20
256            android:name="androidx.work.impl.diagnostics.DiagnosticsReceiver"
256-->[androidx.work:work-runtime:2.7.0] AndroidManifest.xml:133:13-78
257            android:directBootAware="false"
257-->[androidx.work:work-runtime:2.7.0] AndroidManifest.xml:134:13-44
258            android:enabled="true"
258-->[androidx.work:work-runtime:2.7.0] AndroidManifest.xml:135:13-35
259            android:exported="true"
259-->[androidx.work:work-runtime:2.7.0] AndroidManifest.xml:136:13-36
260            android:permission="android.permission.DUMP" >
260-->[androidx.work:work-runtime:2.7.0] AndroidManifest.xml:137:13-57
261            <intent-filter>
261-->[androidx.work:work-runtime:2.7.0] AndroidManifest.xml:139:13-141:29
262                <action android:name="androidx.work.diagnostics.REQUEST_DIAGNOSTICS" />
262-->[androidx.work:work-runtime:2.7.0] AndroidManifest.xml:140:17-88
262-->[androidx.work:work-runtime:2.7.0] AndroidManifest.xml:140:25-85
263            </intent-filter>
264        </receiver>
265
266        <service
266-->[androidx.room:room-runtime:2.2.5] AndroidManifest.xml:25:9-28:40
267            android:name="androidx.room.MultiInstanceInvalidationService"
267-->[androidx.room:room-runtime:2.2.5] AndroidManifest.xml:26:13-74
268            android:directBootAware="true"
268-->[androidx.room:room-runtime:2.2.5] AndroidManifest.xml:27:13-43
269            android:exported="false" /> <!-- The activities will be merged into the manifest of the hosting app. -->
269-->[androidx.room:room-runtime:2.2.5] AndroidManifest.xml:28:13-37
270        <activity
270-->[com.google.android.play:core-common:2.0.2] AndroidManifest.xml:14:9-18:65
271            android:name="com.google.android.play.core.common.PlayCoreDialogWrapperActivity"
271-->[com.google.android.play:core-common:2.0.2] AndroidManifest.xml:15:13-93
272            android:exported="false"
272-->[com.google.android.play:core-common:2.0.2] AndroidManifest.xml:16:13-37
273            android:stateNotNeeded="true"
273-->[com.google.android.play:core-common:2.0.2] AndroidManifest.xml:17:13-42
274            android:theme="@style/Theme.PlayCore.Transparent" />
274-->[com.google.android.play:core-common:2.0.2] AndroidManifest.xml:18:13-62
275    </application>
276
277</manifest>